<?xml version="1.0" encoding="UTF-8"?>
<testng-results total="1" passed="1" failed="0" skipped="0">
  <reporter-output>
  </reporter-output>
  <suite started-at="2020-03-27T06:09:27Z" name="Surefire suite" finished-at="2020-03-27T06:09:38Z" duration-ms="11582">
    <groups>
    </groups>
    <test started-at="2020-03-27T06:09:27Z" name="Surefire test" finished-at="2020-03-27T06:09:38Z" duration-ms="11582">
      <class name="com.Everest.DemoProject.TestClassLogin">
        <test-method is-config="true" signature="launchdriver()[pri:0, instance:com.Everest.DemoProject.TestClassLogin@702657cc]" started-at="2020-03-27T11:39:27Z" name="launchdriver" finished-at="2020-03-27T11:39:31Z" duration-ms="4477" status="PASS">
          <reporter-output>
          </reporter-output>
        </test-method> <!-- launchdriver -->
        <test-method signature="Test1()[pri:0, instance:com.Everest.DemoProject.TestClassLogin@702657cc]" started-at="2020-03-27T11:39:31Z" name="Test1" finished-at="2020-03-27T11:39:37Z" duration-ms="6146" status="PASS">
          <reporter-output>
          </reporter-output>
        </test-method> <!-- Test1 -->
        <test-method is-config="true" signature="quit()[pri:0, instance:com.Everest.DemoProject.TestClassLogin@702657cc]" started-at="2020-03-27T11:39:37Z" name="quit" finished-at="2020-03-27T11:39:38Z" duration-ms="950" status="PASS">
          <reporter-output>
          </reporter-output>
        </test-method> <!-- quit -->
      </class> <!-- com.Everest.DemoProject.TestClassLogin -->
    </test> <!-- Surefire test -->
  </suite> <!-- Surefire suite -->
</testng-results>
